<?xml version="1.0" encoding="UTF-8"?>
<testng-results ignored="0" total="1" passed="1" failed="0" skipped="0">
  <reporter-output>
  </reporter-output>
  <suite started-at="2018-12-29T17:15:53Z" name="Suite" finished-at="2018-12-29T17:16:10Z" duration-ms="16813">
    <groups>
    </groups>
    <test started-at="2018-12-29T17:15:53Z" name="Test" finished-at="2018-12-29T17:16:10Z" duration-ms="16813">
      <class name="com.tests.OpenBrowser">
        <test-method signature="browser()[pri:0, instance:com.tests.OpenBrowser@3e84448c]" started-at="2018-12-29T17:15:53Z" name="browser" finished-at="2018-12-29T17:16:10Z" duration-ms="16782" status="PASS">
          <reporter-output>
          </reporter-output>
        </test-method> <!-- browser -->
      </class> <!-- com.tests.OpenBrowser -->
    </test> <!-- Test -->
  </suite> <!-- Suite -->
</testng-results>
